D:\DEV\SUBIT\2.1.0\RESOURCES\SUBITSHELLEXT\RELEASE\SUBIT.SHELLEXT.32.DLL
D:\dev\SubiT\2.1.0\resources\SubiTShellExt\Release\SubiT.ShellExt.32.exp
D:\dev\SubiT\2.1.0\resources\SubiTShellExt\Release\SubiT.ShellExt.32.lib
D:\DEV\SUBIT\2.1.0\RESOURCES\SUBITSHELLEXT\RELEASE\SUBIT.SHELLEXT.32.PDB
D:\dev\SubiT\2.1.0\resources\SubiTShellExt\SubiTShellExt\Release\cl.command.1.tlog
D:\dev\SubiT\2.1.0\resources\SubiTShellExt\SubiTShellExt\Release\CL.read.1.tlog
D:\dev\SubiT\2.1.0\resources\SubiTShellExt\SubiTShellExt\Release\CL.write.1.tlog
D:\DEV\SUBIT\2.1.0\RESOURCES\SUBITSHELLEXT\SUBITSHELLEXT\RELEASE\CLASSFACTORY.OBJ
D:\DEV\SUBIT\2.1.0\RESOURCES\SUBITSHELLEXT\SUBITSHELLEXT\RELEASE\DLLMAIN.OBJ
D:\DEV\SUBIT\2.1.0\RESOURCES\SUBITSHELLEXT\SUBITSHELLEXT\RELEASE\FILECONTEXTMENUEXT.OBJ
D:\dev\SubiT\2.1.0\resources\SubiTShellExt\SubiTShellExt\Release\link.command.1.tlog
D:\dev\SubiT\2.1.0\resources\SubiTShellExt\SubiTShellExt\Release\link.read.1.tlog
D:\dev\SubiT\2.1.0\resources\SubiTShellExt\SubiTShellExt\Release\link.write.1.tlog
D:\dev\SubiT\2.1.0\resources\SubiTShellExt\SubiTShellExt\Release\link-cvtres.read.1.tlog
D:\dev\SubiT\2.1.0\resources\SubiTShellExt\SubiTShellExt\Release\link-cvtres.write.1.tlog
D:\dev\SubiT\2.1.0\resources\SubiTShellExt\SubiTShellExt\Release\mt.command.1.tlog
D:\dev\SubiT\2.1.0\resources\SubiTShellExt\SubiTShellExt\Release\mt.read.1.tlog
D:\dev\SubiT\2.1.0\resources\SubiTShellExt\SubiTShellExt\Release\mt.write.1.tlog
D:\dev\SubiT\2.1.0\resources\SubiTShellExt\SubiTShellExt\Release\rc.command.1.tlog
D:\dev\SubiT\2.1.0\resources\SubiTShellExt\SubiTShellExt\Release\rc.read.1.tlog
D:\dev\SubiT\2.1.0\resources\SubiTShellExt\SubiTShellExt\Release\rc.write.1.tlog
D:\DEV\SUBIT\2.1.0\RESOURCES\SUBITSHELLEXT\SUBITSHELLEXT\RELEASE\SUBIT.SHELLEXT.32.DLL.INTERMEDIATE.MANIFEST
D:\DEV\SUBIT\2.1.0\RESOURCES\SUBITSHELLEXT\SUBITSHELLEXT\RELEASE\SUBITSHELLEXT.RES
D:\dev\SubiT\2.1.0\resources\SubiTShellExt\SubiTShellExt\Release\SubiTShellExt.write.1.tlog
D:\DEV\SUBIT\2.1.0\RESOURCES\SUBITSHELLEXT\SUBITSHELLEXT\RELEASE\VC100.PDB
