Build started 9/14/2012 3:11:08 PM.
     1>Project "D:\dev\SubiT\2.1.0\resources\SubiTShellExt\SubiTShellExt\SubiTShellExt.vcxproj" on node 2 (build target(s)).
     1>InitializeBuildStatus:
         Touching "Debug\SubiTShellExt.unsuccessfulbuild".
       ClCompile:
         All outputs are up-to-date.
         All outputs are up-to-date.
       ResourceCompile:
         All outputs are up-to-date.
       ManifestResourceCompile:
         All outputs are up-to-date.
       Link:
         C:\Program Files (x86)\Microsoft Visual Studio 10.0\VC\bin\link.exe /ERRORREPORT:PROMPT /OUT:"D:\dev\SubiT\2.1.0\resources\SubiTShellExt\Debug\SubiTShellExt.dll" /INCREMENTAL /NOLOGO kernel32.lib user32.lib gdi32.lib winspool.lib comdlg32.lib advapi32.lib shell32.lib ole32.lib oleaut32.lib uuid.lib odbc32.lib odbccp32.lib /MANIFEST /ManifestFile:"Debug\SubiTShellExt.dll.intermediate.manifest" /MANIFESTUAC:"level='asInvoker' uiAccess='false'" /DEBUG /PDB:"D:\dev\SubiT\2.1.0\resources\SubiTShellExt\Debug\SubiTShellExt.pdb" /SUBSYSTEM:WINDOWS /LTCG /TLBID:1 /DYNAMICBASE /NXCOMPAT /IMPLIB:"D:\dev\SubiT\2.1.0\resources\SubiTShellExt\Debug\SubiTShellExt.lib" /MACHINE:X86 /DLL Debug\SubiTShellExt.res
         Debug\SubiTShellExt.dll.embed.manifest.res
         Debug\ClassFactory.obj
         Debug\dllmain.obj
         Debug\FileContextMenuExt.obj
     1>LINK : warning LNK4075: ignoring '/INCREMENTAL' due to '/LTCG' specification
            Creating library D:\dev\SubiT\2.1.0\resources\SubiTShellExt\Debug\SubiTShellExt.lib and object D:\dev\SubiT\2.1.0\resources\SubiTShellExt\Debug\SubiTShellExt.exp
         Generating code
         Finished generating code
       Manifest:
         C:\Program Files (x86)\Microsoft SDKs\Windows\v7.0A\bin\mt.exe /nologo /verbose /out:"Debug\SubiTShellExt.dll.embed.manifest" /manifest Debug\SubiTShellExt.dll.intermediate.manifest
         C:\Program Files (x86)\Microsoft SDKs\Windows\v7.0A\bin\rc.exe /nologo /fo"Debug\SubiTShellExt.dll.embed.manifest.res" Debug\SubiTShellExt_manifest.rc 
       LinkEmbedManifest:
         C:\Program Files (x86)\Microsoft Visual Studio 10.0\VC\bin\link.exe /ERRORREPORT:PROMPT /OUT:"D:\dev\SubiT\2.1.0\resources\SubiTShellExt\Debug\SubiTShellExt.dll" /INCREMENTAL /NOLOGO kernel32.lib user32.lib gdi32.lib winspool.lib comdlg32.lib advapi32.lib shell32.lib ole32.lib oleaut32.lib uuid.lib odbc32.lib odbccp32.lib /MANIFEST /ManifestFile:"Debug\SubiTShellExt.dll.intermediate.manifest" /MANIFESTUAC:"level='asInvoker' uiAccess='false'" /DEBUG /PDB:"D:\dev\SubiT\2.1.0\resources\SubiTShellExt\Debug\SubiTShellExt.pdb" /SUBSYSTEM:WINDOWS /LTCG /TLBID:1 /DYNAMICBASE /NXCOMPAT /IMPLIB:"D:\dev\SubiT\2.1.0\resources\SubiTShellExt\Debug\SubiTShellExt.lib" /MACHINE:X86 /DLL Debug\SubiTShellExt.res
         Debug\SubiTShellExt.dll.embed.manifest.res
         Debug\ClassFactory.obj
         Debug\dllmain.obj
         Debug\FileContextMenuExt.obj
     1>LINK : warning LNK4075: ignoring '/INCREMENTAL' due to '/LTCG' specification
            Creating library D:\dev\SubiT\2.1.0\resources\SubiTShellExt\Debug\SubiTShellExt.lib and object D:\dev\SubiT\2.1.0\resources\SubiTShellExt\Debug\SubiTShellExt.exp
         Generating code
         Finished generating code
         SubiTShellExt.vcxproj -> D:\dev\SubiT\2.1.0\resources\SubiTShellExt\Debug\SubiTShellExt.dll
       FinalizeBuildStatus:
         Deleting file "Debug\SubiTShellExt.unsuccessfulbuild".
         Touching "Debug\SubiTShellExt.lastbuildstate".
     1>Done Building Project "D:\dev\SubiT\2.1.0\resources\SubiTShellExt\SubiTShellExt\SubiTShellExt.vcxproj" (build target(s)).

Build succeeded.

Time Elapsed 00:00:01.21
